Unity Editor version:    2020.3.25f1 (9b9180224418)
Branch:                  2020.3/staging
Build type:              Release
Batch mode:              YES
macOS version:           Version 11.2.3 (Build 20D91)
Darwin version:          20.3.0
Architecture:            x86_64
Running under Rosetta:   YES
Available memory:        8192 MB
Using pre-set license
Pro License: NO

COMMAND LINE ARGUMENTS:
/Applications/Unity/Hub/Editor/2020.3.25f1/Unity.app/Contents/MacOS/Unity
-adb2
-batchMode
-noUpm
-name
AssetImportWorker0
-projectPath
/Users/leohl/Documents/GitHub/FinallyFinishedJam2022/FFS2022
-logFile
Logs/AssetImportWorker0.log
-srvPort
63221
Successfully changed project path to: /Users/leohl/Documents/GitHub/FinallyFinishedJam2022/FFS2022
/Users/leohl/Documents/GitHub/FinallyFinishedJam2022/FFS2022
Using Asset Import Pipeline V2.
Refreshing native plugins compatible for Editor in 26.72 ms, found 2 plugins.
Preloading 0 native plugins for Editor in 0.00 ms.
Initialize engine version: 2020.3.25f1 (9b9180224418)
[Subsystems] Discovering subsystems at path /Applications/Unity/Hub/Editor/2020.3.25f1/Unity.app/Contents/Resources/UnitySubsystems
[Subsystems] Discovering subsystems at path /Users/leohl/Documents/GitHub/FinallyFinishedJam2022/FFS2022/Assets
GfxDevice: creating device client; threaded=0
2022-01-05 09:23:10.652 Unity[15717:1656595] (null) preferred device: Apple M1 (high power)
2022-01-05 09:23:10.652 Unity[15717:1656595] Metal devices available: 1
2022-01-05 09:23:10.652 Unity[15717:1656595] 0: Apple M1 (high power)
2022-01-05 09:23:10.652 Unity[15717:1656595] Using device Apple M1 (high power)
Initializing Metal device caps: Apple M1
Initialize mono
Mono path[0] = '/Applications/Unity/Hub/Editor/2020.3.25f1/Unity.app/Contents/Managed'
Mono path[1] = '/Applications/Unity/Hub/Editor/2020.3.25f1/Unity.app/Contents/MonoBleedingEdge/lib/mono/unityjit'
Mono config path = '/Applications/Unity/Hub/Editor/2020.3.25f1/Unity.app/Contents/MonoBleedingEdge/etc'
Using monoOptions --debugger-agent=transport=dt_socket,embedding=1,server=y,suspend=n,address=127.0.0.1:56717
Begin MonoManager ReloadAssembly
Registering precompiled unity dll's ...
Register platform support module: /Applications/Unity/Hub/Editor/2020.3.25f1/PlaybackEngines/WebGLSupport/UnityEditor.WebGL.Extensions.dll
Register platform support module: /Applications/Unity/Hub/Editor/2020.3.25f1/Unity.app/Contents/PlaybackEngines/MacStandaloneSupport/UnityEditor.OSXStandalone.Extensions.dll
Register platform support module: /Applications/Unity/Hub/Editor/2020.3.25f1/PlaybackEngines/WindowsStandaloneSupport/UnityEditor.WindowsStandalone.Extensions.dll
Registered in 0.002882 seconds.
Native extension for WindowsStandalone target not found
Native extension for OSXStandalone target not found
Native extension for WebGL target not found
Refreshing native plugins compatible for Editor in 26.87 ms, found 2 plugins.
Preloading 0 native plugins for Editor in 0.00 ms.
Mono: successfully reloaded assembly
- Completed reload, in  1.291 seconds
Domain Reload Profiling:
	ReloadAssembly (1292ms)
		BeginReloadAssembly (81ms)
			ExecutionOrderSort (0ms)
			DisableScriptedObjects (0ms)
			BackupInstance (0ms)
			ReleaseScriptingObjects (0ms)
			CreateAndSetChildDomain (3ms)
		EndReloadAssembly (1084ms)
			LoadAssemblies (80ms)
			RebuildTransferFunctionScriptingTraits (0ms)
			SetupTypeCache (185ms)
			ReleaseScriptCaches (0ms)
			RebuildScriptCaches (43ms)
			SetupLoadedEditorAssemblies (559ms)
				LogAssemblyErrors (0ms)
				InitializePlatformSupportModulesInManaged (15ms)
				SetLoadedEditorAssemblies (0ms)
				RefreshPlugins (27ms)
				BeforeProcessingInitializeOnLoad (24ms)
				ProcessInitializeOnLoadAttributes (383ms)
				ProcessInitializeOnLoadMethodAttributes (109ms)
				AfterProcessingInitializeOnLoad (0ms)
				EditorAssembliesLoaded (1ms)
			ExecutionOrderSort2 (0ms)
			AwakeInstancesAfterBackupRestoration (0ms)
Platform modules already initialized, skipping
Registering precompiled user dll's ...
Registered in 0.003677 seconds.
Begin MonoManager ReloadAssembly
Native extension for WindowsStandalone target not found
Native extension for OSXStandalone target not found
Native extension for WebGL target not found
Refreshing native plugins compatible for Editor in 0.31 ms, found 2 plugins.
Preloading 0 native plugins for Editor in 0.00 ms.
Mono: successfully reloaded assembly
- Completed reload, in  2.180 seconds
Domain Reload Profiling:
	ReloadAssembly (2182ms)
		BeginReloadAssembly (270ms)
			ExecutionOrderSort (0ms)
			DisableScriptedObjects (32ms)
			BackupInstance (0ms)
			ReleaseScriptingObjects (0ms)
			CreateAndSetChildDomain (42ms)
		EndReloadAssembly (1802ms)
			LoadAssemblies (196ms)
			RebuildTransferFunctionScriptingTraits (0ms)
			SetupTypeCache (324ms)
			ReleaseScriptCaches (1ms)
			RebuildScriptCaches (52ms)
			SetupLoadedEditorAssemblies (964ms)
				LogAssemblyErrors (0ms)
				InitializePlatformSupportModulesInManaged (19ms)
				SetLoadedEditorAssemblies (2ms)
				RefreshPlugins (0ms)
				BeforeProcessingInitializeOnLoad (105ms)
				ProcessInitializeOnLoadAttributes (806ms)
				ProcessInitializeOnLoadMethodAttributes (30ms)
				AfterProcessingInitializeOnLoad (1ms)
				EditorAssembliesLoaded (0ms)
			ExecutionOrderSort2 (0ms)
			AwakeInstancesAfterBackupRestoration (31ms)
Platform modules already initialized, skipping
Validating Project structure ... 0.000125 seconds.
Shader import version has changed; will reimport all shaders...
Upgrading shader files ...0.000157 seconds.
Application.AssetDatabase Initial Script Refresh Start
RefreshInfo: InitialScriptRefreshV2(NoUpdateAssetOptions) scanfilter:  ... 1 filters
RefreshProfiler: Total: 0.000ms
Application.AssetDatabase Initial Script Refresh End
Application.AssetDatabase.Refresh Start
Application.AssetDatabase.Refresh End
RefreshInfo: StopAssetImportingV2(ForceSynchronousImport) scanfilter: 
RefreshProfiler: Total: 0.000ms
Launching external process: /Applications/Unity/Hub/Editor/2020.3.25f1/Unity.app/Contents/Tools/UnityShaderCompiler
Launched and connected shader compiler UnityShaderCompiler after 0.02 seconds
Initializing Unity extensions:
========================================================================
Worker process is ready to serve import requests
Refreshing native plugins compatible for Editor in 0.17 ms, found 2 plugins.
Preloading 0 native plugins for Editor in 0.00 ms.
Unloading 1501 Unused Serialized files (Serialized files now loaded: 0)
System memory in use before: 158.2 MB.
System memory in use after: 157.4 MB.

Unloading 80 unused Assets to reduce memory usage. Loaded Objects now: 1972.
Total: 2.342000 ms (FindLiveObjects: 0.074958 ms CreateObjectMapping: 0.029667 ms MarkObjects: 1.824625 ms  DeleteObjects: 0.412083 ms)

AssetImportParameters requested are different than current active one (requested -> active):
  custom:video-decoder-ogg-theora: a1e56fd34408186e4bbccfd4996cb3dc -> 
  custom:container-muxer-webm: aa71ff27fc2769a1b78a27578f13a17b -> 
  custom:container-demuxer-webm: 4f35f7cbe854078d1ac9338744f61a02 -> 
  custom:container-demuxer-ogg: 62fdf1f143b41e24485cea50d1cbac27 -> 
  custom:video-encoder-webm-vp8: eb34c28f22e8b96e1ab97ce403110664 -> 
  custom:framework-osx-AVFoundation: e770b220cccbd017edd2c1fefb359320 -> 
  custom:video-decoder-webm-vp8: 9c59270c3fd7afecdb556c50c9e8de78 -> 
  custom:audio-decoder-ogg-vorbis: bf7c407c2cedff20999df2af8eb42d56 -> 
  custom:audio-encoder-webm-vorbis: bf7c407c2cedff20999df2af8eb42d56 -> 
========================================================================
Received Import Request.
  path: Assets/Art
  artifactKey: Guid(0b8226d34bbfa4b60a317c65c68f025d) Importer(815301076,1909f56bfc062723c751e8b465ee728b)
Start importing Assets/Art using Guid(0b8226d34bbfa4b60a317c65c68f025d) Importer(815301076,1909f56bfc062723c751e8b465ee728b)  -> (artifact id: '36e25ee5fffdbe12b363d886b9bfbbef') in 0.006199 seconds 
  Import took 0.008079 seconds .

========================================================================
Received Import Request.
  Time since last request: 0.992702 seconds.
  path: Assets/Scripts
  artifactKey: Guid(94b7ad17fb7b34cccbe202c721570f71) Importer(815301076,1909f56bfc062723c751e8b465ee728b)
Start importing Assets/Scripts using Guid(94b7ad17fb7b34cccbe202c721570f71) Importer(815301076,1909f56bfc062723c751e8b465ee728b)  -> (artifact id: 'dbcf7f7cd8bd97d171bc1722b7ad06dd') in 0.001210 seconds 
  Import took 0.003345 seconds .

========================================================================
Received Import Request.
  Time since last request: 5.016010 seconds.
  path: Assets/Sound
  artifactKey: Guid(43f1685804d774289b785d177c51abd7) Importer(815301076,1909f56bfc062723c751e8b465ee728b)
Start importing Assets/Sound using Guid(43f1685804d774289b785d177c51abd7) Importer(815301076,1909f56bfc062723c751e8b465ee728b)  -> (artifact id: 'd84d31d3ce524ac815b0430ff8997ac1') in 0.001457 seconds 
  Import took 0.004285 seconds .

========================================================================
Received Import Request.
  Time since last request: 7.557512 seconds.
  path: Assets/Sound/Music
  artifactKey: Guid(65bb37f562c184ab78beb7c113bad73a) Importer(815301076,1909f56bfc062723c751e8b465ee728b)
Start importing Assets/Sound/Music using Guid(65bb37f562c184ab78beb7c113bad73a) Importer(815301076,1909f56bfc062723c751e8b465ee728b)  -> (artifact id: '319558a70bd00380ab695dd0abcaec05') in 0.001332 seconds 
  Import took 0.003819 seconds .

========================================================================
Received Import Request.
  Time since last request: 5.824065 seconds.
  path: Assets/Sound/SFX
  artifactKey: Guid(781f014f675fa4eb988ac9902be55be1) Importer(815301076,1909f56bfc062723c751e8b465ee728b)
Start importing Assets/Sound/SFX using Guid(781f014f675fa4eb988ac9902be55be1) Importer(815301076,1909f56bfc062723c751e8b465ee728b)  -> (artifact id: '422b1afb2cae402c50edb7a1e0cfad61') in 0.001369 seconds 
  Import took 0.004277 seconds .

========================================================================
Received Import Request.
  Time since last request: 19.710822 seconds.
  path: Assets/Art/Models
  artifactKey: Guid(016b59fe1f949445d9facf8ea9d785e1) Importer(815301076,1909f56bfc062723c751e8b465ee728b)
Start importing Assets/Art/Models using Guid(016b59fe1f949445d9facf8ea9d785e1) Importer(815301076,1909f56bfc062723c751e8b465ee728b)  -> (artifact id: 'caa9ab404c1c708f2c04a6582ee9a4c1') in 0.001503 seconds 
  Import took 0.004548 seconds .

========================================================================
Received Import Request.
  Time since last request: 12.605365 seconds.
  path: Assets/Art/Textures
  artifactKey: Guid(a95fbbba9323f49f49588082f010a697) Importer(815301076,1909f56bfc062723c751e8b465ee728b)
Start importing Assets/Art/Textures using Guid(a95fbbba9323f49f49588082f010a697) Importer(815301076,1909f56bfc062723c751e8b465ee728b)  -> (artifact id: '0735aa9cc5ff473423d1549667745aa9') in 0.001464 seconds 
  Import took 0.003859 seconds .

========================================================================
Received Import Request.
  Time since last request: 6.085914 seconds.
  path: Assets/Art/Materials
  artifactKey: Guid(852f2a5e24433436fbc71bbd4f57bf7f) Importer(815301076,1909f56bfc062723c751e8b465ee728b)
Start importing Assets/Art/Materials using Guid(852f2a5e24433436fbc71bbd4f57bf7f) Importer(815301076,1909f56bfc062723c751e8b465ee728b)  -> (artifact id: '7cbc4f959ca854e86daac29eebab646c') in 0.001437 seconds 
  Import took 0.004458 seconds .

========================================================================
Received Import Request.
  Time since last request: 325.330944 seconds.
  path: Assets/Art/Sprites
  artifactKey: Guid(eafa1eba42b56428d822d9f6952bed58) Importer(815301076,1909f56bfc062723c751e8b465ee728b)
Start importing Assets/Art/Sprites using Guid(eafa1eba42b56428d822d9f6952bed58) Importer(815301076,1909f56bfc062723c751e8b465ee728b)  -> (artifact id: 'a4aa49ac6b3745770604672003947ef3') in 0.015130 seconds 
  Import took 0.153925 seconds .

========================================================================
Received Import Request.
  Time since last request: 10.486093 seconds.
  path: Assets/Prefabs
  artifactKey: Guid(80dabfad095f142b1bc6cd320877b447) Importer(815301076,1909f56bfc062723c751e8b465ee728b)
Start importing Assets/Prefabs using Guid(80dabfad095f142b1bc6cd320877b447) Importer(815301076,1909f56bfc062723c751e8b465ee728b)  -> (artifact id: '568a285eb506370810968e7833a6d682') in 0.002470 seconds 
  Import took 0.005882 seconds .

========================================================================
Received Import Request.
  Time since last request: 15.795704 seconds.
  path: Assets/Plugins
  artifactKey: Guid(b7ebfb6f76dab43a8bfd4566d78966c6) Importer(815301076,1909f56bfc062723c751e8b465ee728b)
Start importing Assets/Plugins using Guid(b7ebfb6f76dab43a8bfd4566d78966c6) Importer(815301076,1909f56bfc062723c751e8b465ee728b)  -> (artifact id: '0b8080cecc1195ae9a53d5f9407663df') in 0.001685 seconds 
  Import took 0.005809 seconds .

========================================================================
Received Import Request.
  Time since last request: 67.325545 seconds.
  path: Assets/Scenes
  artifactKey: Guid(c6860d89eb33a4ae89f5cc89f5cd83ae) Importer(815301076,1909f56bfc062723c751e8b465ee728b)
Start importing Assets/Scenes using Guid(c6860d89eb33a4ae89f5cc89f5cd83ae) Importer(815301076,1909f56bfc062723c751e8b465ee728b)  -> (artifact id: 'c4941ef6c40747eab4ebfa5b9199c35e') in 0.001693 seconds 
  Import took 0.006082 seconds .

========================================================================
Received Import Request.
  Time since last request: 1.153729 seconds.
  path: Assets/Scenes/SampleScene.unity
  artifactKey: Guid(9fc0d4010bbf28b4594072e72b8655ab) Importer(815301076,1909f56bfc062723c751e8b465ee728b)
Start importing Assets/Scenes/SampleScene.unity using Guid(9fc0d4010bbf28b4594072e72b8655ab) Importer(815301076,1909f56bfc062723c751e8b465ee728b)  -> (artifact id: '85059f4f9e1a832ed95adaa0d25c5c4c') in 0.215595 seconds 
  Import took 0.218546 seconds .

========================================================================
Received Import Request.
  Time since last request: 4.224240 seconds.
  path: Assets/Scenes/SampleScene 1.unity
  artifactKey: Guid(1b544e93bc54c4504acb93ff10fbca8c) Importer(815301076,1909f56bfc062723c751e8b465ee728b)
Start importing Assets/Scenes/SampleScene 1.unity using Guid(1b544e93bc54c4504acb93ff10fbca8c) Importer(815301076,1909f56bfc062723c751e8b465ee728b)  -> (artifact id: 'c504a2ffed1d4887521539b9032e2fef') in 0.001993 seconds 
  Import took 0.004635 seconds .

========================================================================
Received Import Request.
  Time since last request: 4.376111 seconds.
  path: Assets/Scenes/SampleScene.unity
  artifactKey: Guid(9fc0d4010bbf28b4594072e72b8655ab) Importer(815301076,1909f56bfc062723c751e8b465ee728b)
Start importing Assets/Scenes/SampleScene.unity using Guid(9fc0d4010bbf28b4594072e72b8655ab) Importer(815301076,1909f56bfc062723c751e8b465ee728b)  -> (artifact id: '7eb9d51fb2d89d264793af4be7dbfade') in 0.001612 seconds 
  Import took 0.005152 seconds .

========================================================================
Received Import Request.
  Time since last request: 9.737760 seconds.
  path: Assets/Scenes/CamTest1.unity
  artifactKey: Guid(1b544e93bc54c4504acb93ff10fbca8c) Importer(815301076,1909f56bfc062723c751e8b465ee728b)
Start importing Assets/Scenes/CamTest1.unity using Guid(1b544e93bc54c4504acb93ff10fbca8c) Importer(815301076,1909f56bfc062723c751e8b465ee728b)  -> (artifact id: '953a619c7789804fc9c6853cc8438c22') in 0.003146 seconds 
  Import took 0.006419 seconds .

========================================================================
Received Import Request.
  Time since last request: 4.890891 seconds.
  path: Assets/Scenes/SampleScene 1.unity
  artifactKey: Guid(d10fe0554fe24471a8a7b5e197197c21) Importer(815301076,1909f56bfc062723c751e8b465ee728b)
Start importing Assets/Scenes/SampleScene 1.unity using Guid(d10fe0554fe24471a8a7b5e197197c21) Importer(815301076,1909f56bfc062723c751e8b465ee728b)  -> (artifact id: '5d85237499af3696ed2405cd7d366bea') in 0.001667 seconds 
  Import took 0.004150 seconds .

========================================================================
Received Import Request.
  Time since last request: 21.253438 seconds.
  path: Assets/Scenes/CamTest1.unity
  artifactKey: Guid(d10fe0554fe24471a8a7b5e197197c21) Importer(815301076,1909f56bfc062723c751e8b465ee728b)
Start importing Assets/Scenes/CamTest1.unity using Guid(d10fe0554fe24471a8a7b5e197197c21) Importer(815301076,1909f56bfc062723c751e8b465ee728b)  -> (artifact id: '6495f534bdd21dfc062b7cff70393a22') in 0.001347 seconds 
  Import took 0.003907 seconds .

========================================================================
Received Import Request.
  Time since last request: 51.225449 seconds.
  path: Assets/Art/Materials/New Material.mat
  artifactKey: Guid(e0f45acc305cc49af877dcb71ac1be68) Importer(815301076,1909f56bfc062723c751e8b465ee728b)
Start importing Assets/Art/Materials/New Material.mat using Guid(e0f45acc305cc49af877dcb71ac1be68) Importer(815301076,1909f56bfc062723c751e8b465ee728b)  -> (artifact id: 'c8ced64910ec80dfabd2dbd84b03cc6a') in 1.275584 seconds 
  Import took 1.279909 seconds .

========================================================================
Received Import Request.
  Time since last request: 16.560610 seconds.
  path: Assets/Art/Materials/PlayerMaterial_BlockMesh.mat
  artifactKey: Guid(e0f45acc305cc49af877dcb71ac1be68) Importer(815301076,1909f56bfc062723c751e8b465ee728b)
Start importing Assets/Art/Materials/PlayerMaterial_BlockMesh.mat using Guid(e0f45acc305cc49af877dcb71ac1be68) Importer(815301076,1909f56bfc062723c751e8b465ee728b)  -> (artifact id: 'c062ae62a879499254dc0e1f91c5cd7c') in 0.021197 seconds 
  Import took 0.023733 seconds .

========================================================================
Received Prepare
Registering precompiled user dll's ...
Registered in 0.004436 seconds.
Begin MonoManager ReloadAssembly
Native extension for WindowsStandalone target not found
Native extension for OSXStandalone target not found
Native extension for WebGL target not found
Refreshing native plugins compatible for Editor in 0.29 ms, found 2 plugins.
Preloading 0 native plugins for Editor in 0.00 ms.
Mono: successfully reloaded assembly
- Completed reload, in  2.419 seconds
Domain Reload Profiling:
	ReloadAssembly (2423ms)
		BeginReloadAssembly (348ms)
			ExecutionOrderSort (0ms)
			DisableScriptedObjects (47ms)
			BackupInstance (0ms)
			ReleaseScriptingObjects (0ms)
			CreateAndSetChildDomain (171ms)
		EndReloadAssembly (1968ms)
			LoadAssemblies (220ms)
			RebuildTransferFunctionScriptingTraits (0ms)
			SetupTypeCache (352ms)
			ReleaseScriptCaches (1ms)
			RebuildScriptCaches (50ms)
			SetupLoadedEditorAssemblies (1075ms)
				LogAssemblyErrors (0ms)
				InitializePlatformSupportModulesInManaged (20ms)
				SetLoadedEditorAssemblies (2ms)
				RefreshPlugins (0ms)
				BeforeProcessingInitializeOnLoad (157ms)
				ProcessInitializeOnLoadAttributes (863ms)
				ProcessInitializeOnLoadMethodAttributes (30ms)
				AfterProcessingInitializeOnLoad (1ms)
				EditorAssembliesLoaded (0ms)
			ExecutionOrderSort2 (0ms)
			AwakeInstancesAfterBackupRestoration (34ms)
Platform modules already initialized, skipping
Refreshing native plugins compatible for Editor in 0.29 ms, found 2 plugins.
Preloading 0 native plugins for Editor in 0.00 ms.
Unloading 1494 Unused Serialized files (Serialized files now loaded: 0)
System memory in use before: 161.7 MB.
System memory in use after: 161.8 MB.

Unloading 15 unused Assets to reduce memory usage. Loaded Objects now: 2014.
Total: 1.882000 ms (FindLiveObjects: 0.081000 ms CreateObjectMapping: 0.028334 ms MarkObjects: 1.757959 ms  DeleteObjects: 0.013875 ms)

AssetImportParameters requested are different than current active one (requested -> active):
  custom:video-decoder-ogg-theora: a1e56fd34408186e4bbccfd4996cb3dc -> 
  custom:container-muxer-webm: aa71ff27fc2769a1b78a27578f13a17b -> 
  custom:container-demuxer-webm: 4f35f7cbe854078d1ac9338744f61a02 -> 
  custom:container-demuxer-ogg: 62fdf1f143b41e24485cea50d1cbac27 -> 
  custom:video-encoder-webm-vp8: eb34c28f22e8b96e1ab97ce403110664 -> 
  custom:framework-osx-AVFoundation: e770b220cccbd017edd2c1fefb359320 -> 
  custom:video-decoder-webm-vp8: 9c59270c3fd7afecdb556c50c9e8de78 -> 
  custom:audio-decoder-ogg-vorbis: bf7c407c2cedff20999df2af8eb42d56 -> 
  custom:audio-encoder-webm-vorbis: bf7c407c2cedff20999df2af8eb42d56 -> 
========================================================================
Received Import Request.
  Time since last request: 1151.508314 seconds.
  path: Assets/Art/Materials/PlayerMaterial_BlockMesh 1.mat
  artifactKey: Guid(dc1b22b7abf804a1e97163d2f6fe58a2) Importer(815301076,1909f56bfc062723c751e8b465ee728b)
Start importing Assets/Art/Materials/PlayerMaterial_BlockMesh 1.mat using Guid(dc1b22b7abf804a1e97163d2f6fe58a2) Importer(815301076,1909f56bfc062723c751e8b465ee728b)  -> (artifact id: '40f7564b6d7a68e1f8fb30b8f1178cb9') in 0.169963 seconds 
  Import took 0.172130 seconds .

========================================================================
Received Import Request.
  Time since last request: 0.474260 seconds.
  path: Assets/Art/Materials/DoorMaterial.mat
  artifactKey: Guid(dc1b22b7abf804a1e97163d2f6fe58a2) Importer(815301076,1909f56bfc062723c751e8b465ee728b)
Start importing Assets/Art/Materials/DoorMaterial.mat using Guid(dc1b22b7abf804a1e97163d2f6fe58a2) Importer(815301076,1909f56bfc062723c751e8b465ee728b)  -> (artifact id: '41b62d0b54a32d4de0d74919b25f2385') in 0.014510 seconds 
  Import took 0.016954 seconds .

========================================================================
Received Import Request.
  Time since last request: 58.074410 seconds.
  path: Assets/Art/Materials/DoorMaterial.mat
  artifactKey: Guid(dc1b22b7abf804a1e97163d2f6fe58a2) Importer(815301076,1909f56bfc062723c751e8b465ee728b)
Start importing Assets/Art/Materials/DoorMaterial.mat using Guid(dc1b22b7abf804a1e97163d2f6fe58a2) Importer(815301076,1909f56bfc062723c751e8b465ee728b)  -> (artifact id: 'cca335515cf04c7b37aa0ad6faf87f2a') in 0.011156 seconds 
  Import took 0.014906 seconds .

========================================================================
Received Prepare
Registering precompiled user dll's ...
Registered in 0.017731 seconds.
Begin MonoManager ReloadAssembly
Native extension for WindowsStandalone target not found
Native extension for OSXStandalone target not found
Native extension for WebGL target not found
Refreshing native plugins compatible for Editor in 0.32 ms, found 2 plugins.
Preloading 0 native plugins for Editor in 0.00 ms.
Mono: successfully reloaded assembly
- Completed reload, in  2.436 seconds
Domain Reload Profiling:
	ReloadAssembly (2438ms)
		BeginReloadAssembly (262ms)
			ExecutionOrderSort (0ms)
			DisableScriptedObjects (38ms)
			BackupInstance (0ms)
			ReleaseScriptingObjects (0ms)
			CreateAndSetChildDomain (98ms)
		EndReloadAssembly (2066ms)
			LoadAssemblies (291ms)
			RebuildTransferFunctionScriptingTraits (0ms)
			SetupTypeCache (329ms)
			ReleaseScriptCaches (1ms)
			RebuildScriptCaches (49ms)
			SetupLoadedEditorAssemblies (1104ms)
				LogAssemblyErrors (0ms)
				InitializePlatformSupportModulesInManaged (26ms)
				SetLoadedEditorAssemblies (2ms)
				RefreshPlugins (0ms)
				BeforeProcessingInitializeOnLoad (162ms)
				ProcessInitializeOnLoadAttributes (883ms)
				ProcessInitializeOnLoadMethodAttributes (29ms)
				AfterProcessingInitializeOnLoad (1ms)
				EditorAssembliesLoaded (0ms)
			ExecutionOrderSort2 (0ms)
			AwakeInstancesAfterBackupRestoration (36ms)
Platform modules already initialized, skipping
Refreshing native plugins compatible for Editor in 0.33 ms, found 2 plugins.
Preloading 0 native plugins for Editor in 0.00 ms.
Unloading 1494 Unused Serialized files (Serialized files now loaded: 0)
System memory in use before: 161.9 MB.
System memory in use after: 162.0 MB.

Unloading 14 unused Assets to reduce memory usage. Loaded Objects now: 2017.
Total: 1.885875 ms (FindLiveObjects: 0.081250 ms CreateObjectMapping: 0.028458 ms MarkObjects: 1.756250 ms  DeleteObjects: 0.019000 ms)

AssetImportParameters requested are different than current active one (requested -> active):
  custom:video-decoder-ogg-theora: a1e56fd34408186e4bbccfd4996cb3dc -> 
  custom:container-muxer-webm: aa71ff27fc2769a1b78a27578f13a17b -> 
  custom:container-demuxer-webm: 4f35f7cbe854078d1ac9338744f61a02 -> 
  custom:container-demuxer-ogg: 62fdf1f143b41e24485cea50d1cbac27 -> 
  custom:video-encoder-webm-vp8: eb34c28f22e8b96e1ab97ce403110664 -> 
  custom:framework-osx-AVFoundation: e770b220cccbd017edd2c1fefb359320 -> 
  custom:video-decoder-webm-vp8: 9c59270c3fd7afecdb556c50c9e8de78 -> 
  custom:audio-decoder-ogg-vorbis: bf7c407c2cedff20999df2af8eb42d56 -> 
  custom:audio-encoder-webm-vorbis: bf7c407c2cedff20999df2af8eb42d56 -> 
========================================================================
Received Import Request.
  Time since last request: 1147.668957 seconds.
  path: Assets/Art/Materials/PlayerMaterial_BlockMesh 1.mat
  artifactKey: Guid(6c3c4a59215284210b3b9072d2f47281) Importer(815301076,1909f56bfc062723c751e8b465ee728b)
Start importing Assets/Art/Materials/PlayerMaterial_BlockMesh 1.mat using Guid(6c3c4a59215284210b3b9072d2f47281) Importer(815301076,1909f56bfc062723c751e8b465ee728b)  -> (artifact id: '0cb7688cecfd17c6370e20398157991c') in 0.301330 seconds 
  Import took 0.309600 seconds .

========================================================================
Received Import Request.
  Time since last request: 5.143421 seconds.
  path: Assets/Art/Materials/Enemy.mat
  artifactKey: Guid(6c3c4a59215284210b3b9072d2f47281) Importer(815301076,1909f56bfc062723c751e8b465ee728b)
Start importing Assets/Art/Materials/Enemy.mat using Guid(6c3c4a59215284210b3b9072d2f47281) Importer(815301076,1909f56bfc062723c751e8b465ee728b)  -> (artifact id: '9b7e22b53ac09b499983a618cc928601') in 0.017607 seconds 
  Import took 0.020450 seconds .

========================================================================
Received Prepare
Registering precompiled user dll's ...
Registered in 0.004165 seconds.
Begin MonoManager ReloadAssembly
Native extension for WindowsStandalone target not found
Native extension for OSXStandalone target not found
Native extension for WebGL target not found
Refreshing native plugins compatible for Editor in 0.31 ms, found 2 plugins.
Preloading 0 native plugins for Editor in 0.00 ms.
Mono: successfully reloaded assembly
- Completed reload, in  2.505 seconds
Domain Reload Profiling:
	ReloadAssembly (2513ms)
		BeginReloadAssembly (301ms)
			ExecutionOrderSort (0ms)
			DisableScriptedObjects (43ms)
			BackupInstance (0ms)
			ReleaseScriptingObjects (0ms)
			CreateAndSetChildDomain (124ms)
		EndReloadAssembly (2088ms)
			LoadAssemblies (241ms)
			RebuildTransferFunctionScriptingTraits (0ms)
			SetupTypeCache (328ms)
			ReleaseScriptCaches (1ms)
			RebuildScriptCaches (48ms)
			SetupLoadedEditorAssemblies (1178ms)
				LogAssemblyErrors (0ms)
				InitializePlatformSupportModulesInManaged (22ms)
				SetLoadedEditorAssemblies (3ms)
				RefreshPlugins (0ms)
				BeforeProcessingInitializeOnLoad (178ms)
				ProcessInitializeOnLoadAttributes (945ms)
				ProcessInitializeOnLoadMethodAttributes (29ms)
				AfterProcessingInitializeOnLoad (1ms)
				EditorAssembliesLoaded (0ms)
			ExecutionOrderSort2 (0ms)
			AwakeInstancesAfterBackupRestoration (35ms)
Platform modules already initialized, skipping
Refreshing native plugins compatible for Editor in 0.25 ms, found 2 plugins.
Preloading 0 native plugins for Editor in 0.00 ms.
Unloading 1494 Unused Serialized files (Serialized files now loaded: 0)
System memory in use before: 162.1 MB.
System memory in use after: 162.2 MB.

Unloading 14 unused Assets to reduce memory usage. Loaded Objects now: 2020.
Total: 1.833292 ms (FindLiveObjects: 0.079333 ms CreateObjectMapping: 0.028291 ms MarkObjects: 1.706875 ms  DeleteObjects: 0.018167 ms)

AssetImportParameters requested are different than current active one (requested -> active):
  custom:video-decoder-ogg-theora: a1e56fd34408186e4bbccfd4996cb3dc -> 
  custom:container-muxer-webm: aa71ff27fc2769a1b78a27578f13a17b -> 
  custom:container-demuxer-webm: 4f35f7cbe854078d1ac9338744f61a02 -> 
  custom:container-demuxer-ogg: 62fdf1f143b41e24485cea50d1cbac27 -> 
  custom:video-encoder-webm-vp8: eb34c28f22e8b96e1ab97ce403110664 -> 
  custom:framework-osx-AVFoundation: e770b220cccbd017edd2c1fefb359320 -> 
  custom:video-decoder-webm-vp8: 9c59270c3fd7afecdb556c50c9e8de78 -> 
  custom:audio-decoder-ogg-vorbis: bf7c407c2cedff20999df2af8eb42d56 -> 
  custom:audio-encoder-webm-vorbis: bf7c407c2cedff20999df2af8eb42d56 -> 
